client/src/components/chat/BroadcastRoomInterface.tsx(260,9): error TS2304: Cannot find name 'chat'.
client/src/components/chat/BroadcastRoomInterface.tsx(260,17): error TS2304: Cannot find name 'chat'.
client/src/components/chat/BroadcastRoomInterface.tsx(261,23): error TS2304: Cannot find name 'chat'.
client/src/components/chat/ChatInterface.tsx(515,37): error TS2551: Property 'sendPublicMessage' does not exist on type '{ currentUser: ChatUser; onlineUsers: ChatUser[]; publicMessages: ChatMessage[]; privateConversations: PrivateConversation; ignoredUsers: Set<...>; ... 22 more ...; setShowKickCountdown: (show: boolean) => void; }'. Did you mean 'publicMessages'?
client/src/components/chat/ChatInterface.tsx(516,32): error TS2339: Property 'handleTyping' does not exist on type '{ currentUser: ChatUser; onlineUsers: ChatUser[]; publicMessages: ChatMessage[]; privateConversations: PrivateConversation; ignoredUsers: Set<...>; ... 22 more ...; setShowKickCountdown: (show: boolean) => void; }'.
client/src/components/chat/ChatInterface.tsx(517,17): error TS2740: Type 'Set<string>' is missing the following properties from type 'string[]': length, pop, push, concat, and 24 more.
client/src/components/chat/ChatInterface.tsx(530,35): error TS2551: Property 'sendPublicMessage' does not exist on type '{ currentUser: ChatUser; onlineUsers: ChatUser[]; publicMessages: ChatMessage[]; privateConversations: PrivateConversation; ignoredUsers: Set<...>; ... 22 more ...; setShowKickCountdown: (show: boolean) => void; }'. Did you mean 'publicMessages'?
client/src/components/chat/ChatInterface.tsx(531,30): error TS2339: Property 'handleTyping' does not exist on type '{ currentUser: ChatUser; onlineUsers: ChatUser[]; publicMessages: ChatMessage[]; privateConversations: PrivateConversation; ignoredUsers: Set<...>; ... 22 more ...; setShowKickCountdown: (show: boolean) => void; }'.
client/src/components/chat/ChatInterface.tsx(581,44): error TS2339: Property 'sendPrivateMessage' does not exist on type '{ currentUser: ChatUser; onlineUsers: ChatUser[]; publicMessages: ChatMessage[]; privateConversations: PrivateConversation; ignoredUsers: Set<...>; ... 22 more ...; setShowKickCountdown: (show: boolean) => void; }'.
client/src/components/chat/ChatInterface.tsx(741,25): error TS2551: Property 'kickNotification' does not exist on type '{ currentUser: ChatUser; onlineUsers: ChatUser[]; publicMessages: ChatMessage[]; privateConversations: PrivateConversation; ignoredUsers: Set<...>; ... 22 more ...; setShowKickCountdown: (show: boolean) => void; }'. Did you mean 'notifications'?
client/src/components/chat/ChatInterface.tsx(742,31): error TS2551: Property 'kickNotification' does not exist on type '{ currentUser: ChatUser; onlineUsers: ChatUser[]; publicMessages: ChatMessage[]; privateConversations: PrivateConversation; ignoredUsers: Set<...>; ... 22 more ...; setShowKickCountdown: (show: boolean) => void; }'. Did you mean 'notifications'?
client/src/components/chat/ChatInterface.tsx(747,25): error TS2551: Property 'blockNotification' does not exist on type '{ currentUser: ChatUser; onlineUsers: ChatUser[]; publicMessages: ChatMessage[]; privateConversations: PrivateConversation; ignoredUsers: Set<...>; ... 22 more ...; setShowKickCountdown: (show: boolean) => void; }'. Did you mean 'notifications'?
client/src/components/chat/ChatInterface.tsx(748,22): error TS2551: Property 'blockNotification' does not exist on type '{ currentUser: ChatUser; onlineUsers: ChatUser[]; publicMessages: ChatMessage[]; privateConversations: PrivateConversation; ignoredUsers: Set<...>; ... 22 more ...; setShowKickCountdown: (show: boolean) => void; }'. Did you mean 'notifications'?
client/src/components/chat/FriendsPanel.tsx(114,69): error TS2339: Property 'json' does not exist on type 'Response | { ok: boolean; }'.
  Property 'json' does not exist on type '{ ok: boolean; }'.
client/src/components/chat/FriendsPanel.tsx(115,69): error TS2339: Property 'json' does not exist on type 'Response | { ok: boolean; }'.
  Property 'json' does not exist on type '{ ok: boolean; }'.
client/src/components/chat/MessageArea.tsx(290,21): error TS2322: Type '{ user: ChatUser; size: "small"; className: string; onClick: (e: any) => void; }' is not assignable to type 'IntrinsicAttributes & ProfileImageProps'.
  Property 'onClick' does not exist on type 'IntrinsicAttributes & ProfileImageProps'.
client/src/components/chat/MessageArea.tsx(307,53): error TS2322: Type '{ userType: "guest" | "member" | "owner" | "admin" | "moderator"; }' is not assignable to type 'IntrinsicAttributes & UserRoleBadgeProps'.
  Property 'userType' does not exist on type 'IntrinsicAttributes & UserRoleBadgeProps'.
client/src/components/chat/MessageArea.tsx(329,24): error TS2554: Expected 3 arguments, but got 2.
client/src/components/chat/MessageArea.tsx(377,18): error TS2741: Property 'onClose' is missing in type '{ onEmojiSelect: (emoji: string) => void; }' but required in type 'EmojiPickerProps'.
client/src/components/chat/NewChatInterface.tsx(149,10): error TS2551: Property 'setNewMessageSender' does not exist on type '{ currentUser: ChatUser; onlineUsers: ChatUser[]; publicMessages: ChatMessage[]; privateConversations: PrivateConversation; ignoredUsers: Set<...>; ... 22 more ...; setShowKickCountdown: (show: boolean) => void; }'. Did you mean 'newMessageSender'?
client/src/components/chat/NewChatInterface.tsx(271,30): error TS2551: Property 'sendPublicMessage' does not exist on type '{ currentUser: ChatUser; onlineUsers: ChatUser[]; publicMessages: ChatMessage[]; privateConversations: PrivateConversation; ignoredUsers: Set<...>; ... 22 more ...; setShowKickCountdown: (show: boolean) => void; }'. Did you mean 'publicMessages'?
client/src/components/chat/NewChatInterface.tsx(341,18): error TS2339: Property 'sendPrivateMessage' does not exist on type '{ currentUser: ChatUser; onlineUsers: ChatUser[]; publicMessages: ChatMessage[]; privateConversations: PrivateConversation; ignoredUsers: Set<...>; ... 22 more ...; setShowKickCountdown: (show: boolean) => void; }'.
client/src/components/chat/NewMessageArea.tsx(60,17): error TS2322: Type 'ChatUser | { id: number; username: string; userType: "guest"; role: "guest"; profileImage: string; profileBackgroundColor: string; isOnline: false; isHidden: false; lastSeen: null; ... 9 more ...; userTheme: string; }' is not assignable to type 'ChatUser'.
  Type '{ id: number; username: string; userType: "guest"; role: "guest"; profileImage: string; profileBackgroundColor: string; isOnline: false; isHidden: false; lastSeen: null; joinDate: Date; createdAt: Date; ... 7 more ...; userTheme: string; }' is missing the following properties from type 'ChatUser': profileEffect, points, level, totalPoints, levelProgress
client/src/components/chat/NotificationPanel.tsx(52,5): error TS2769: No overload matches this call.
  Overload 1 of 3, '(options: DefinedInitialDataOptions<{ notifications: Notification[]; }, Error, { notifications: Notification[]; }, QueryKey>, queryClient?: QueryClient): DefinedUseQueryResult<...>', gave the following error.
    Object literal may only specify known properties, and 'cacheTime' does not exist in type 'DefinedInitialDataOptions<{ notifications: Notification[]; }, Error, { notifications: Notification[]; }, QueryKey>'.
  Overload 2 of 3, '(options: UndefinedInitialDataOptions<{ notifications: Notification[]; }, Error, { notifications: Notification[]; }, QueryKey>, queryClient?: QueryClient): UseQueryResult<...>', gave the following error.
    Object literal may only specify known properties, and 'cacheTime' does not exist in type 'UndefinedInitialDataOptions<{ notifications: Notification[]; }, Error, { notifications: Notification[]; }, QueryKey>'.
  Overload 3 of 3, '(options: UseQueryOptions<{ notifications: Notification[]; }, Error, { notifications: Notification[]; }, QueryKey>, queryClient?: QueryClient): UseQueryResult<...>', gave the following error.
    Object literal may only specify known properties, and 'cacheTime' does not exist in type 'UseQueryOptions<{ notifications: Notification[]; }, Error, { notifications: Notification[]; }, QueryKey>'.
client/src/components/chat/NotificationPanel.tsx(260,44): error TS2339: Property 'notifications' does not exist on type 'TQueryFnData'.
client/src/components/chat/RoomsPanel.tsx(126,62): error TS2322: Type '{ className: string; title: string; }' is not assignable to type 'IntrinsicAttributes & Omit<LucideProps, "ref"> & RefAttributes<SVGSVGElement>'.
  Property 'title' does not exist on type 'IntrinsicAttributes & Omit<LucideProps, "ref"> & RefAttributes<SVGSVGElement>'.
client/src/hooks/useChat.ts(386,37): error TS2339: Property 'env' does not exist on type 'ImportMeta'.
client/src/lib/chatOptimization.ts(187,11): error TS2322: Type 'ChatUser | { id: number; username: string; userType: "guest"; isOnline: false; }' is not assignable to type 'ChatUser'.
  Type '{ id: number; username: string; userType: "guest"; isOnline: false; }' is missing the following properties from type 'ChatUser': role, profileBackgroundColor, isHidden, lastSeen, and 15 more.
client/src/lib/queryClient.ts(2,15): error TS2305: Module '"@/types/chat"' has no exported member 'ApiResponse'.
server/database-adapter-improved.ts(9,31): error TS2307: Cannot find module '../shared/schema-sqlite' or its corresponding type declarations.
server/database-setup.ts(20,13): error TS2304: Cannot find name 'createTables'.
server/enhanced-moderation.ts(2,27): error TS2307: Cannot find module '../../shared/schema' or its corresponding type declarations.
server/index-fixed.ts(112,12): error TS2339: Property 'userId' does not exist on type 'Socket<DefaultEventsMap, DefaultEventsMap, DefaultEventsMap, any>'.
server/index-fixed.ts(113,12): error TS2339: Property 'username' does not exist on type 'Socket<DefaultEventsMap, DefaultEventsMap, DefaultEventsMap, any>'.
server/index-fixed.ts(117,16): error TS2339: Property 'userId' does not exist on type 'Socket<DefaultEventsMap, DefaultEventsMap, DefaultEventsMap, any>'.
server/index-fixed.ts(118,53): error TS2339: Property 'userId' does not exist on type 'Socket<DefaultEventsMap, DefaultEventsMap, DefaultEventsMap, any>'.
server/index.ts(120,53): error TS2345: Argument of type 'unknown' is not assignable to parameter of type 'string'.
server/routes.ts(6,55): error TS2307: Cannot find module '../../shared/schema' or its corresponding type declarations.
server/routes.ts(1715,23): error TS2339: Property 'joinRoom' does not exist on type 'PostgreSQLStorage'.
server/routes.ts(1747,23): error TS2339: Property 'leaveRoom' does not exist on type 'PostgreSQLStorage'.
server/routes.ts(3317,21): error TS2551: Property 'addWallReaction' does not exist on type 'PostgreSQLStorage'. Did you mean 'addWallPostReaction'?
server/routes.ts(3403,35): error TS2339: Property 'getAllRooms' does not exist on type 'PostgreSQLStorage'.
server/routes.ts(3456,34): error TS2339: Property 'createRoom' does not exist on type 'PostgreSQLStorage'.
server/routes.ts(3510,21): error TS2339: Property 'deleteRoom' does not exist on type 'PostgreSQLStorage'.
server/routes.ts(3550,21): error TS2339: Property 'joinRoom' does not exist on type 'PostgreSQLStorage'.
server/routes.ts(3569,21): error TS2339: Property 'leaveRoom' does not exist on type 'PostgreSQLStorage'.
server/routes.ts(3592,37): error TS2339: Property 'requestMic' does not exist on type 'PostgreSQLStorage'.
server/routes.ts(3627,37): error TS2339: Property 'approveMicRequest' does not exist on type 'PostgreSQLStorage'.
server/routes.ts(3664,37): error TS2339: Property 'rejectMicRequest' does not exist on type 'PostgreSQLStorage'.
server/routes.ts(3701,37): error TS2339: Property 'removeSpeaker' does not exist on type 'PostgreSQLStorage'.
server/services/messageService.ts(47,14): error TS2352: Conversion of type '{ id: number; senderId: number; receiverId: number; content: string; messageType: string; isPrivate: boolean; timestamp: Date; sender: { id: number; username: string; userType: string; role: string; profileImage: string; usernameColor: string; profileBackgroundColor: string; isOnline: boolean; }; }[]' to type '{ id: number; content: string; timestamp: Date; roomId: string; isPrivate: boolean; senderId: number; receiverId: number; messageType: string; }[]' may be a mistake because neither type sufficiently overlaps with the other. If this was intentional, convert the expression to 'unknown' first.
  Property 'roomId' is missing in type '{ id: number; senderId: number; receiverId: number; content: string; messageType: string; isPrivate: boolean; timestamp: Date; sender: { id: number; username: string; userType: string; role: string; profileImage: string; usernameColor: string; profileBackgroundColor: string; isOnline: boolean; }; }' but required in type '{ id: number; content: string; timestamp: Date; roomId: string; isPrivate: boolean; senderId: number; receiverId: number; messageType: string; }'.
server/services/messageService.ts(106,14): error TS2352: Conversion of type '{ id: number; senderId: number; receiverId: number; content: string; messageType: string; isPrivate: boolean; timestamp: Date; sender: { id: number; username: string; userType: string; role: string; profileImage: string; usernameColor: string; profileBackgroundColor: string; isOnline: boolean; }; }[]' to type '{ id: number; content: string; timestamp: Date; roomId: string; isPrivate: boolean; senderId: number; receiverId: number; messageType: string; }[]' may be a mistake because neither type sufficiently overlaps with the other. If this was intentional, convert the expression to 'unknown' first.
  Property 'roomId' is missing in type '{ id: number; senderId: number; receiverId: number; content: string; messageType: string; isPrivate: boolean; timestamp: Date; sender: { id: number; username: string; userType: string; role: string; profileImage: string; usernameColor: string; profileBackgroundColor: string; isOnline: boolean; }; }' but required in type '{ id: number; content: string; timestamp: Date; roomId: string; isPrivate: boolean; senderId: number; receiverId: number; messageType: string; }'.
server/services/messageService.ts(213,14): error TS2352: Conversion of type '{ id: number; senderId: number; receiverId: number; content: string; messageType: string; isPrivate: boolean; timestamp: Date; sender: { id: number; username: string; userType: string; role: string; profileImage: string; usernameColor: string; profileBackgroundColor: string; isOnline: boolean; }; }[]' to type '{ id: number; content: string; timestamp: Date; roomId: string; isPrivate: boolean; senderId: number; receiverId: number; messageType: string; }[]' may be a mistake because neither type sufficiently overlaps with the other. If this was intentional, convert the expression to 'unknown' first.
  Property 'roomId' is missing in type '{ id: number; senderId: number; receiverId: number; content: string; messageType: string; isPrivate: boolean; timestamp: Date; sender: { id: number; username: string; userType: string; role: string; profileImage: string; usernameColor: string; profileBackgroundColor: string; isOnline: boolean; }; }' but required in type '{ id: number; content: string; timestamp: Date; roomId: string; isPrivate: boolean; senderId: number; receiverId: number; messageType: string; }'.
server/services/pointsService.ts(38,21): error TS2339: Property 'updateUserPoints' does not exist on type 'PostgreSQLStorage'.
server/services/pointsService.ts(46,21): error TS2339: Property 'addPointsHistory' does not exist on type 'PostgreSQLStorage'.
server/services/pointsService.ts(70,37): error TS2339: Property 'getUserLastDailyLogin' does not exist on type 'PostgreSQLStorage'.
server/services/pointsService.ts(74,21): error TS2339: Property 'updateUserLastDailyLogin' does not exist on type 'PostgreSQLStorage'.
server/services/pointsService.ts(112,20): error TS2339: Property 'getPointsHistory' does not exist on type 'PostgreSQLStorage'.
server/services/pointsService.ts(117,20): error TS2339: Property 'getTopUsersByPoints' does not exist on type 'PostgreSQLStorage'.
server/services/pointsService.ts(129,19): error TS2339: Property 'updateUserPoints' does not exist on type 'PostgreSQLStorage'.
server/services/pointsService.ts(143,44): error TS2339: Property 'getUserMessageCount' does not exist on type 'PostgreSQLStorage'.
server/storage-fixed.ts(194,20): error TS2339: Property 'isOnline' does not exist on type '{ role?: string; points?: number; status?: string; password?: string; country?: string; username?: string; gender?: string; age?: number; relation?: string; userType?: string; profileImage?: string; profileBanner?: string; ... 14 more ...; levelProgress?: number; }'.
server/storage-fixed.ts(195,20): error TS2339: Property 'isHidden' does not exist on type '{ role?: string; points?: number; status?: string; password?: string; country?: string; username?: string; gender?: string; age?: number; relation?: string; userType?: string; profileImage?: string; profileBanner?: string; ... 14 more ...; levelProgress?: number; }'.
server/storage-fixed.ts(206,35): error TS2339: Property 'ignoredUsers' does not exist on type '{ role?: string; points?: number; status?: string; password?: string; country?: string; username?: string; gender?: string; age?: number; relation?: string; userType?: string; profileImage?: string; profileBanner?: string; ... 14 more ...; levelProgress?: number; }'.
server/storage-fixed.ts(309,5): error TS2322: Type 'string | undefined[]' is not assignable to type 'number[]'.
  Type 'string' is not assignable to type 'number[]'.
server/storage-old.ts(291,16): error TS2339: Property 'usePG' does not exist on type 'MixedStorage'.
server/storage-old.ts(293,35): error TS2339: Property 'pool' does not exist on type 'MixedStorage'.
server/storage-old.ts(313,26): error TS2304: Cannot find name 'getDirectSqliteConnection'.
server/storage-old.ts(404,24): error TS2304: Cannot find name 'getDirectSqliteConnection'.
server/storage-old.ts(579,40): error TS2304: Cannot find name 'userData'.
server/storage-old.ts(598,15): error TS2739: Type '{ id: number; username: string; password: string; userType: string; role: string; profileImage: string; profileBanner: string; profileBackgroundColor: string; status: string; gender: string; age: number; ... 17 more ...; userTheme: string; }' is missing the following properties from type '{ id: number; role: string; points: number; status: string; password: string; country: string; username: string; gender: string; age: number; relation: string; userType: string; profileImage: string; ... 21 more ...; levelProgress: number; }': points, profileEffect, level, totalPoints, levelProgress
server/storage-old.ts(665,9): error TS2322: Type 'number' is not assignable to type 'boolean'.
server/storage-old.ts(739,13): error TS2322: Type 'number' is not assignable to type 'boolean | SQL<unknown> | PgColumn<ColumnBaseConfig<ColumnDataType, string>, {}, {}>'.
server/storage-old.ts(740,13): error TS2322: Type 'string' is not assignable to type 'Date | SQL<unknown> | PgColumn<ColumnBaseConfig<ColumnDataType, string>, {}, {}>'.
server/storage-old.ts(922,13): error TS2741: Property 'roomId' is missing in type '{ id: number; senderId: number; receiverId: number; content: string; messageType: string; isPrivate: boolean; timestamp: Date; }' but required in type '{ id: number; content: string; timestamp: Date; roomId: string; isPrivate: boolean; senderId: number; receiverId: number; messageType: string; }'.
server/storage-old.ts(988,7): error TS2322: Type 'string' is not assignable to type 'Date'.
server/storage-old.ts(999,7): error TS2322: Type 'string' is not assignable to type 'Date'.
server/storage-old.ts(1238,45): error TS2345: Argument of type '{ id: number; userId: number; friendId: number; status: string; createdAt: string; sender: { id: number; role: string; points: number; status: string; password: string; country: string; username: string; ... 26 more ...; levelProgress: number; }; receiver: { id: number; role: string; points: number; status: string; ...' is not assignable to parameter of type '{ id: number; userId: number; friendId: number; status: string; createdAt: Date; senderUsername?: string; receiverUsername?: string; }'.
  Types of property 'createdAt' are incompatible.
    Type 'string' is not assignable to type 'Date'.
server/storage-old.ts(1526,7): error TS2322: Type 'undefined[] | QueryResult<Record<string, unknown>>' is not assignable to type 'any[]'.
  Type 'QueryResult<Record<string, unknown>>' is missing the following properties from type 'any[]': length, pop, push, concat, and 29 more.
server/storage-old.ts(1541,7): error TS2322: Type 'undefined[] | QueryResult<Record<string, unknown>>' is not assignable to type '{ id: number; role: string; points: number; status: string; password: string; country: string; username: string; gender: string; age: number; relation: string; userType: string; profileImage: string; ... 21 more ...; levelProgress: number; }[]'.
  Type 'QueryResult<Record<string, unknown>>' is missing the following properties from type '{ id: number; role: string; points: number; status: string; password: string; country: string; username: string; gender: string; age: number; relation: string; userType: string; profileImage: string; ... 21 more ...; levelProgress: number; }[]': length, pop, push, concat, and 29 more.
server/storage-old.ts(1789,14): error TS2339: Property 'usePG' does not exist on type 'MixedStorage'.
server/storage-old.ts(1791,35): error TS2339: Property 'pool' does not exist on type 'MixedStorage'.
server/storage-old.ts(1809,26): error TS2304: Cannot find name 'getDirectSqliteConnection'.
server/storage-old.ts(1878,14): error TS2339: Property 'usePG' does not exist on type 'MixedStorage'.
server/storage-old.ts(1880,35): error TS2339: Property 'pool' does not exist on type 'MixedStorage'.
server/storage-old.ts(1896,26): error TS2304: Cannot find name 'getDirectSqliteConnection'.
server/storage-old.ts(1940,14): error TS2339: Property 'usePG' does not exist on type 'MixedStorage'.
server/storage-old.ts(1942,35): error TS2339: Property 'pool' does not exist on type 'MixedStorage'.
server/storage-old.ts(1967,26): error TS2304: Cannot find name 'getDirectSqliteConnection'.
server/storage-old.ts(1993,13): error TS2561: Object literal may only specify known properties, but 'created_by' does not exist in type '{ id: string; name: string; description: string; icon: string; createdBy: number; isDefault: boolean; isActive: boolean; isBroadcast?: boolean; hostId?: number; speakers?: string; micQueue?: string; createdAt: Date; userCount?: number; }'. Did you mean to write 'createdBy'?
server/storage-old.ts(2012,14): error TS2339: Property 'usePG' does not exist on type 'MixedStorage'.
server/storage-old.ts(2014,20): error TS2339: Property 'pool' does not exist on type 'MixedStorage'.
server/storage-old.ts(2015,20): error TS2339: Property 'pool' does not exist on type 'MixedStorage'.
server/storage-old.ts(2022,26): error TS2304: Cannot find name 'getDirectSqliteConnection'.
server/storage-old.ts(2035,14): error TS2339: Property 'usePG' does not exist on type 'MixedStorage'.
server/storage-old.ts(2037,20): error TS2339: Property 'pool' does not exist on type 'MixedStorage'.
server/storage-old.ts(2048,26): error TS2304: Cannot find name 'getDirectSqliteConnection'.
server/storage-old.ts(2063,14): error TS2339: Property 'usePG' does not exist on type 'MixedStorage'.
server/storage-old.ts(2065,20): error TS2339: Property 'pool' does not exist on type 'MixedStorage'.
server/storage-old.ts(2072,26): error TS2304: Cannot find name 'getDirectSqliteConnection'.
server/storage-old.ts(2104,16): error TS2339: Property 'usePG' does not exist on type 'MixedStorage'.
server/storage-old.ts(2105,20): error TS2339: Property 'pool' does not exist on type 'MixedStorage'.
server/storage-old.ts(2110,26): error TS2304: Cannot find name 'getDirectSqliteConnection'.
server/storage-old.ts(2147,16): error TS2339: Property 'usePG' does not exist on type 'MixedStorage'.
server/storage-old.ts(2148,20): error TS2339: Property 'pool' does not exist on type 'MixedStorage'.
server/storage-old.ts(2153,26): error TS2304: Cannot find name 'getDirectSqliteConnection'.
server/storage-old.ts(2184,16): error TS2339: Property 'usePG' does not exist on type 'MixedStorage'.
server/storage-old.ts(2185,20): error TS2339: Property 'pool' does not exist on type 'MixedStorage'.
server/storage-old.ts(2190,26): error TS2304: Cannot find name 'getDirectSqliteConnection'.
server/storage-old.ts(2221,16): error TS2339: Property 'usePG' does not exist on type 'MixedStorage'.
server/storage-old.ts(2222,20): error TS2339: Property 'pool' does not exist on type 'MixedStorage'.
server/storage-old.ts(2227,26): error TS2304: Cannot find name 'getDirectSqliteConnection'.
server/storage.ts(113,50): error TS2769: No overload matches this call.
  Overload 1 of 2, '(value: { username: string | SQL<unknown> | Placeholder<string, any>; id?: number | SQL<unknown> | Placeholder<string, any>; role?: string | SQL<unknown> | Placeholder<string, any>; ... 30 more ...; levelProgress?: number | ... 1 more ... | Placeholder<...>; }): PgInsertBase<...>', gave the following error.
    Argument of type '{ role?: string; points?: number; status?: string; password?: string; country?: string; username?: string; gender?: string; age?: number; relation?: string; userType?: string; profileImage?: string; profileBanner?: string; ... 14 more ...; levelProgress?: number; }' is not assignable to parameter of type '{ username: string | SQL<unknown> | Placeholder<string, any>; id?: number | SQL<unknown> | Placeholder<string, any>; role?: string | SQL<unknown> | Placeholder<string, any>; ... 30 more ...; levelProgress?: number | ... 1 more ... | Placeholder<...>; }'.
      Property 'username' is optional in type '{ role?: string; points?: number; status?: string; password?: string; country?: string; username?: string; gender?: string; age?: number; relation?: string; userType?: string; profileImage?: string; profileBanner?: string; ... 14 more ...; levelProgress?: number; }' but required in type '{ username: string | SQL<unknown> | Placeholder<string, any>; id?: number | SQL<unknown> | Placeholder<string, any>; role?: string | SQL<unknown> | Placeholder<string, any>; ... 30 more ...; levelProgress?: number | ... 1 more ... | Placeholder<...>; }'.
  Overload 2 of 2, '(values: { username: string | SQL<unknown> | Placeholder<string, any>; id?: number | SQL<unknown> | Placeholder<string, any>; role?: string | SQL<unknown> | Placeholder<string, any>; ... 30 more ...; levelProgress?: number | ... 1 more ... | Placeholder<...>; }[]): PgInsertBase<...>', gave the following error.
    Argument of type '{ role?: string; points?: number; status?: string; password?: string; country?: string; username?: string; gender?: string; age?: number; relation?: string; userType?: string; profileImage?: string; profileBanner?: string; ... 14 more ...; levelProgress?: number; }' is not assignable to parameter of type '{ username: string | SQL<unknown> | Placeholder<string, any>; id?: number | SQL<unknown> | Placeholder<string, any>; role?: string | SQL<unknown> | Placeholder<string, any>; ... 30 more ...; levelProgress?: number | ... 1 more ... | Placeholder<...>; }[]'.
      Type '{ role?: string; points?: number; status?: string; password?: string; country?: string; username?: string; gender?: string; age?: number; relation?: string; userType?: string; profileImage?: string; profileBanner?: string; ... 14 more ...; levelProgress?: number; }' is missing the following properties from type '{ username: string | SQL<unknown> | Placeholder<string, any>; id?: number | SQL<unknown> | Placeholder<string, any>; role?: string | SQL<unknown> | Placeholder<string, any>; ... 30 more ...; levelProgress?: number | ... 1 more ... | Placeholder<...>; }[]': length, pop, push, concat, and 29 more.
server/storage.ts(175,53): error TS2769: No overload matches this call.
  Overload 1 of 2, '(value: { content: string | SQL<unknown> | Placeholder<string, any>; id?: number | SQL<unknown> | Placeholder<string, any>; timestamp?: Date | SQL<unknown> | Placeholder<...>; ... 4 more ...; messageType?: string | ... 1 more ... | Placeholder<...>; }): PgInsertBase<...>', gave the following error.
    Argument of type '{ content?: string; roomId?: string; isPrivate?: boolean; senderId?: number; receiverId?: number; messageType?: string; }' is not assignable to parameter of type '{ content: string | SQL<unknown> | Placeholder<string, any>; id?: number | SQL<unknown> | Placeholder<string, any>; timestamp?: Date | SQL<unknown> | Placeholder<...>; ... 4 more ...; messageType?: string | ... 1 more ... | Placeholder<...>; }'.
      Property 'content' is optional in type '{ content?: string; roomId?: string; isPrivate?: boolean; senderId?: number; receiverId?: number; messageType?: string; }' but required in type '{ content: string | SQL<unknown> | Placeholder<string, any>; id?: number | SQL<unknown> | Placeholder<string, any>; timestamp?: Date | SQL<unknown> | Placeholder<...>; ... 4 more ...; messageType?: string | ... 1 more ... | Placeholder<...>; }'.
  Overload 2 of 2, '(values: { content: string | SQL<unknown> | Placeholder<string, any>; id?: number | SQL<unknown> | Placeholder<string, any>; timestamp?: Date | SQL<unknown> | Placeholder<...>; ... 4 more ...; messageType?: string | ... 1 more ... | Placeholder<...>; }[]): PgInsertBase<...>', gave the following error.
    Argument of type '{ content?: string; roomId?: string; isPrivate?: boolean; senderId?: number; receiverId?: number; messageType?: string; }' is not assignable to parameter of type '{ content: string | SQL<unknown> | Placeholder<string, any>; id?: number | SQL<unknown> | Placeholder<string, any>; timestamp?: Date | SQL<unknown> | Placeholder<...>; ... 4 more ...; messageType?: string | ... 1 more ... | Placeholder<...>; }[]'.
      Type '{ content?: string; roomId?: string; isPrivate?: boolean; senderId?: number; receiverId?: number; messageType?: string; }' is missing the following properties from type '{ content: string | SQL<unknown> | Placeholder<string, any>; id?: number | SQL<unknown> | Placeholder<string, any>; timestamp?: Date | SQL<unknown> | Placeholder<...>; ... 4 more ...; messageType?: string | ... 1 more ... | Placeholder<...>; }[]': length, pop, push, concat, and 29 more.
server/storage.ts(488,58): error TS2769: No overload matches this call.
  Overload 1 of 2, '(value: { message: string | SQL<unknown> | Placeholder<string, any>; title: string | SQL<unknown> | Placeholder<string, any>; type: string | SQL<unknown> | Placeholder<...>; ... 4 more ...; isRead?: boolean | ... 1 more ... | Placeholder<...>; }): PgInsertBase<...>', gave the following error.
    Argument of type '{ message?: string; data?: any; title?: string; type?: string; userId?: number; }' is not assignable to parameter of type '{ message: string | SQL<unknown> | Placeholder<string, any>; title: string | SQL<unknown> | Placeholder<string, any>; type: string | SQL<unknown> | Placeholder<string, any>; ... 4 more ...; isRead?: boolean | ... 1 more ... | Placeholder<...>; }'.
      Property 'message' is optional in type '{ message?: string; data?: any; title?: string; type?: string; userId?: number; }' but required in type '{ message: string | SQL<unknown> | Placeholder<string, any>; title: string | SQL<unknown> | Placeholder<string, any>; type: string | SQL<unknown> | Placeholder<string, any>; ... 4 more ...; isRead?: boolean | ... 1 more ... | Placeholder<...>; }'.
  Overload 2 of 2, '(values: { message: string | SQL<unknown> | Placeholder<string, any>; title: string | SQL<unknown> | Placeholder<string, any>; type: string | SQL<unknown> | Placeholder<...>; ... 4 more ...; isRead?: boolean | ... 1 more ... | Placeholder<...>; }[]): PgInsertBase<...>', gave the following error.
    Argument of type '{ message?: string; data?: any; title?: string; type?: string; userId?: number; }' is not assignable to parameter of type '{ message: string | SQL<unknown> | Placeholder<string, any>; title: string | SQL<unknown> | Placeholder<string, any>; type: string | SQL<unknown> | Placeholder<string, any>; ... 4 more ...; isRead?: boolean | ... 1 more ... | Placeholder<...>; }[]'.
      Type '{ message?: string; data?: any; title?: string; type?: string; userId?: number; }' is missing the following properties from type '{ message: string | SQL<unknown> | Placeholder<string, any>; title: string | SQL<unknown> | Placeholder<string, any>; type: string | SQL<unknown> | Placeholder<string, any>; ... 4 more ...; isRead?: boolean | ... 1 more ... | Placeholder<...>; }[]': length, pop, push, concat, and 29 more.
